<?xml version="1.0" encoding="UTF-8"?>
<testsuites>
  <testsuite name="/home/anderson/Documents/Projetos/interviews_tests/jaya/ridely-php-backend-test/backend/services/ridely-service/phpunit.xml" tests="39" assertions="69" errors="0" failures="0" skipped="5" time="4.210261">
    <testsuite name="Unit" tests="39" assertions="69" errors="0" failures="0" skipped="5" time="4.210261">
      <testsuite name="Tests\Unit\Enums\ErrorMessagesEnumTest" file="/home/anderson/Documents/Projetos/interviews_tests/jaya/ridely-php-backend-test/backend/services/ridely-service/tests/Unit/Enums/ErrorMessagesEnumTest.php" tests="4" assertions="14" errors="0" failures="0" skipped="0" time="0.693998">
        <testcase name="testLabelMethodReturnsCorrectValue" file="/home/anderson/Documents/Projetos/interviews_tests/jaya/ridely-php-backend-test/backend/services/ridely-service/tests/Unit/Enums/ErrorMessagesEnumTest.php" line="12" class="Tests\Unit\Enums\ErrorMessagesEnumTest" classname="Tests.Unit.Enums.ErrorMessagesEnumTest" assertions="5" time="0.419988"/>
        <testcase name="testMessageWithoutParamsReturnsStaticMessage" file="/home/anderson/Documents/Projetos/interviews_tests/jaya/ridely-php-backend-test/backend/services/ridely-service/tests/Unit/Enums/ErrorMessagesEnumTest.php" line="25" class="Tests\Unit\Enums\ErrorMessagesEnumTest" classname="Tests.Unit.Enums.ErrorMessagesEnumTest" assertions="3" time="0.086461"/>
        <testcase name="testMessageWithParamsReturnsFormattedMessage" file="/home/anderson/Documents/Projetos/interviews_tests/jaya/ridely-php-backend-test/backend/services/ridely-service/tests/Unit/Enums/ErrorMessagesEnumTest.php" line="36" class="Tests\Unit\Enums\ErrorMessagesEnumTest" classname="Tests.Unit.Enums.ErrorMessagesEnumTest" assertions="2" time="0.117393"/>
        <testcase name="testEnumValues" file="/home/anderson/Documents/Projetos/interviews_tests/jaya/ridely-php-backend-test/backend/services/ridely-service/tests/Unit/Enums/ErrorMessagesEnumTest.php" line="49" class="Tests\Unit\Enums\ErrorMessagesEnumTest" classname="Tests.Unit.Enums.ErrorMessagesEnumTest" assertions="4" time="0.070156"/>
      </testsuite>
      <testsuite name="Tests\Unit\Exceptions\ServiceExceptionTest" file="/home/anderson/Documents/Projetos/interviews_tests/jaya/ridely-php-backend-test/backend/services/ridely-service/tests/Unit/Exceptions/ServiceExceptionTest.php" tests="2" assertions="6" errors="0" failures="0" skipped="0" time="0.182266">
        <testcase name="testInvalidRequest" file="/home/anderson/Documents/Projetos/interviews_tests/jaya/ridely-php-backend-test/backend/services/ridely-service/tests/Unit/Exceptions/ServiceExceptionTest.php" line="15" class="Tests\Unit\Exceptions\ServiceExceptionTest" classname="Tests.Unit.Exceptions.ServiceExceptionTest" assertions="3" time="0.100738"/>
        <testcase name="testInvalidRequestParam" file="/home/anderson/Documents/Projetos/interviews_tests/jaya/ridely-php-backend-test/backend/services/ridely-service/tests/Unit/Exceptions/ServiceExceptionTest.php" line="31" class="Tests\Unit\Exceptions\ServiceExceptionTest" classname="Tests.Unit.Exceptions.ServiceExceptionTest" assertions="3" time="0.081528"/>
      </testsuite>
      <testsuite name="Tests\Unit\Repositories\V1\DriverRepositoryTest" file="/home/anderson/Documents/Projetos/interviews_tests/jaya/ridely-php-backend-test/backend/services/ridely-service/tests/Unit/Repositories/V1/DriverRepositoryTest.php" tests="6" assertions="11" errors="0" failures="0" skipped="0" time="0.590062">
        <testcase name="testCreateSuccess" file="/home/anderson/Documents/Projetos/interviews_tests/jaya/ridely-php-backend-test/backend/services/ridely-service/tests/Unit/Repositories/V1/DriverRepositoryTest.php" line="22" class="Tests\Unit\Repositories\V1\DriverRepositoryTest" classname="Tests.Unit.Repositories.V1.DriverRepositoryTest" assertions="2" time="0.122907"/>
        <testcase name="testUpdateDriverNotFound" file="/home/anderson/Documents/Projetos/interviews_tests/jaya/ridely-php-backend-test/backend/services/ridely-service/tests/Unit/Repositories/V1/DriverRepositoryTest.php" line="43" class="Tests\Unit\Repositories\V1\DriverRepositoryTest" classname="Tests.Unit.Repositories.V1.DriverRepositoryTest" assertions="2" time="0.081418"/>
        <testcase name="testDeleteDriverNotFound" file="/home/anderson/Documents/Projetos/interviews_tests/jaya/ridely-php-backend-test/backend/services/ridely-service/tests/Unit/Repositories/V1/DriverRepositoryTest.php" line="52" class="Tests\Unit\Repositories\V1\DriverRepositoryTest" classname="Tests.Unit.Repositories.V1.DriverRepositoryTest" assertions="2" time="0.076171"/>
        <testcase name="testFindSuccess" file="/home/anderson/Documents/Projetos/interviews_tests/jaya/ridely-php-backend-test/backend/services/ridely-service/tests/Unit/Repositories/V1/DriverRepositoryTest.php" line="61" class="Tests\Unit\Repositories\V1\DriverRepositoryTest" classname="Tests.Unit.Repositories.V1.DriverRepositoryTest" assertions="1" time="0.104579"/>
        <testcase name="testFindNotFound" file="/home/anderson/Documents/Projetos/interviews_tests/jaya/ridely-php-backend-test/backend/services/ridely-service/tests/Unit/Repositories/V1/DriverRepositoryTest.php" line="70" class="Tests\Unit\Repositories\V1\DriverRepositoryTest" classname="Tests.Unit.Repositories.V1.DriverRepositoryTest" assertions="2" time="0.092177"/>
        <testcase name="testAllWithCriteria" file="/home/anderson/Documents/Projetos/interviews_tests/jaya/ridely-php-backend-test/backend/services/ridely-service/tests/Unit/Repositories/V1/DriverRepositoryTest.php" line="78" class="Tests\Unit\Repositories\V1\DriverRepositoryTest" classname="Tests.Unit.Repositories.V1.DriverRepositoryTest" assertions="2" time="0.112810"/>
      </testsuite>
      <testsuite name="Tests\Unit\RideTest" file="/home/anderson/Documents/Projetos/interviews_tests/jaya/ridely-php-backend-test/backend/services/ridely-service/tests/Unit/RideTest.php" tests="2" assertions="0" errors="0" failures="0" skipped="2" time="0.230409">
        <testcase name="test_can_accept_ride_when_driver_is_available" file="/home/anderson/Documents/Projetos/interviews_tests/jaya/ridely-php-backend-test/backend/services/ridely-service/tests/Unit/RideTest.php" line="17" class="Tests\Unit\RideTest" classname="Tests.Unit.RideTest" assertions="0" time="0.120515">
          <skipped/>
        </testcase>
        <testcase name="test_cannot_accept_ride_when_driver_is_unavailable" file="/home/anderson/Documents/Projetos/interviews_tests/jaya/ridely-php-backend-test/backend/services/ridely-service/tests/Unit/RideTest.php" line="44" class="Tests\Unit\RideTest" classname="Tests.Unit.RideTest" assertions="0" time="0.109894">
          <skipped/>
        </testcase>
      </testsuite>
      <testsuite name="Tests\Unit\Services\Facades\DriverManagerFacadeTest" file="/home/anderson/Documents/Projetos/interviews_tests/jaya/ridely-php-backend-test/backend/services/ridely-service/tests/Unit/Services/Facades/DriverManagerFacadeTest.php" tests="5" assertions="4" errors="0" failures="0" skipped="3" time="0.634535">
        <testcase name="testCreateSuccess" file="/home/anderson/Documents/Projetos/interviews_tests/jaya/ridely-php-backend-test/backend/services/ridely-service/tests/Unit/Services/Facades/DriverManagerFacadeTest.php" line="29" class="Tests\Unit\Services\Facades\DriverManagerFacadeTest" classname="Tests.Unit.Services.Facades.DriverManagerFacadeTest" assertions="3" time="0.222519"/>
        <testcase name="testUpdateSuccess" file="/home/anderson/Documents/Projetos/interviews_tests/jaya/ridely-php-backend-test/backend/services/ridely-service/tests/Unit/Services/Facades/DriverManagerFacadeTest.php" line="57" class="Tests\Unit\Services\Facades\DriverManagerFacadeTest" classname="Tests.Unit.Services.Facades.DriverManagerFacadeTest" assertions="0" time="0.087944">
          <skipped/>
        </testcase>
        <testcase name="testListSuccess" file="/home/anderson/Documents/Projetos/interviews_tests/jaya/ridely-php-backend-test/backend/services/ridely-service/tests/Unit/Services/Facades/DriverManagerFacadeTest.php" line="66" class="Tests\Unit\Services\Facades\DriverManagerFacadeTest" classname="Tests.Unit.Services.Facades.DriverManagerFacadeTest" assertions="1" time="0.113764"/>
        <testcase name="testReadSuccess" file="/home/anderson/Documents/Projetos/interviews_tests/jaya/ridely-php-backend-test/backend/services/ridely-service/tests/Unit/Services/Facades/DriverManagerFacadeTest.php" line="107" class="Tests\Unit\Services\Facades\DriverManagerFacadeTest" classname="Tests.Unit.Services.Facades.DriverManagerFacadeTest" assertions="0" time="0.121619">
          <skipped/>
        </testcase>
        <testcase name="testDeleteSuccess" file="/home/anderson/Documents/Projetos/interviews_tests/jaya/ridely-php-backend-test/backend/services/ridely-service/tests/Unit/Services/Facades/DriverManagerFacadeTest.php" line="116" class="Tests\Unit\Services\Facades\DriverManagerFacadeTest" classname="Tests.Unit.Services.Facades.DriverManagerFacadeTest" assertions="0" time="0.088689">
          <skipped/>
        </testcase>
      </testsuite>
      <testsuite name="Tests\Unit\Services\JWTKeysServiceTest" file="/home/anderson/Documents/Projetos/interviews_tests/jaya/ridely-php-backend-test/backend/services/ridely-service/tests/Unit/Services/JWTKeysServiceTest.php" tests="1" assertions="2" errors="0" failures="0" skipped="0" time="0.151558">
        <testcase name="testGetPublicKeySuccess" file="/home/anderson/Documents/Projetos/interviews_tests/jaya/ridely-php-backend-test/backend/services/ridely-service/tests/Unit/Services/JWTKeysServiceTest.php" line="37" class="Tests\Unit\Services\JWTKeysServiceTest" classname="Tests.Unit.Services.JWTKeysServiceTest" assertions="2" time="0.151558"/>
      </testsuite>
      <testsuite name="Tests\Unit\Services\V1\Driver\ReadDriverServiceTest" file="/home/anderson/Documents/Projetos/interviews_tests/jaya/ridely-php-backend-test/backend/services/ridely-service/tests/Unit/Services/V1/Driver/ReadDriverServiceTest.php" tests="4" assertions="7" errors="0" failures="0" skipped="0" time="0.419332">
        <testcase name="testExecuteWithValidCriteriaReturnsDrivers" file="/home/anderson/Documents/Projetos/interviews_tests/jaya/ridely-php-backend-test/backend/services/ridely-service/tests/Unit/Services/V1/Driver/ReadDriverServiceTest.php" line="40" class="Tests\Unit\Services\V1\Driver\ReadDriverServiceTest" classname="Tests.Unit.Services.V1.Driver.ReadDriverServiceTest" assertions="1" time="0.135668"/>
        <testcase name="testExecuteWithInvalidCriteriaThrowsServiceException" file="/home/anderson/Documents/Projetos/interviews_tests/jaya/ridely-php-backend-test/backend/services/ridely-service/tests/Unit/Services/V1/Driver/ReadDriverServiceTest.php" line="74" class="Tests\Unit\Services\V1\Driver\ReadDriverServiceTest" classname="Tests.Unit.Services.V1.Driver.ReadDriverServiceTest" assertions="2" time="0.114582"/>
        <testcase name="testValidateReturnsTrueWhenValid" file="/home/anderson/Documents/Projetos/interviews_tests/jaya/ridely-php-backend-test/backend/services/ridely-service/tests/Unit/Services/V1/Driver/ReadDriverServiceTest.php" line="90" class="Tests\Unit\Services\V1\Driver\ReadDriverServiceTest" classname="Tests.Unit.Services.V1.Driver.ReadDriverServiceTest" assertions="1" time="0.087493"/>
        <testcase name="testValidateReturnsFalseWhenInvalid" file="/home/anderson/Documents/Projetos/interviews_tests/jaya/ridely-php-backend-test/backend/services/ridely-service/tests/Unit/Services/V1/Driver/ReadDriverServiceTest.php" line="103" class="Tests\Unit\Services\V1\Driver\ReadDriverServiceTest" classname="Tests.Unit.Services.V1.Driver.ReadDriverServiceTest" assertions="3" time="0.081589"/>
      </testsuite>
      <testsuite name="Tests\Unit\Validators\DriverValidatorTest" file="/home/anderson/Documents/Projetos/interviews_tests/jaya/ridely-php-backend-test/backend/services/ridely-service/tests/Unit/Validators/DriverValidatorTest.php" tests="15" assertions="25" errors="0" failures="0" skipped="0" time="1.308101">
        <testcase name="testValidateCreateReturnsTrueWithValidData" file="/home/anderson/Documents/Projetos/interviews_tests/jaya/ridely-php-backend-test/backend/services/ridely-service/tests/Unit/Validators/DriverValidatorTest.php" line="21" class="Tests\Unit\Validators\DriverValidatorTest" classname="Tests.Unit.Validators.DriverValidatorTest" assertions="1" time="0.077394"/>
        <testsuite name="Tests\Unit\Validators\DriverValidatorTest::testValidateCreateReturnsFalseWithInvalidData" tests="3" assertions="6" errors="0" failures="0" skipped="0" time="0.254877">
          <testcase name="testValidateCreateReturnsFalseWithInvalidData with data set #0" file="/home/anderson/Documents/Projetos/interviews_tests/jaya/ridely-php-backend-test/backend/services/ridely-service/tests/Unit/Validators/DriverValidatorTest.php" line="46" class="Tests\Unit\Validators\DriverValidatorTest" classname="Tests.Unit.Validators.DriverValidatorTest" assertions="2" time="0.081456"/>
          <testcase name="testValidateCreateReturnsFalseWithInvalidData with data set #1" file="/home/anderson/Documents/Projetos/interviews_tests/jaya/ridely-php-backend-test/backend/services/ridely-service/tests/Unit/Validators/DriverValidatorTest.php" line="46" class="Tests\Unit\Validators\DriverValidatorTest" classname="Tests.Unit.Validators.DriverValidatorTest" assertions="2" time="0.080610"/>
          <testcase name="testValidateCreateReturnsFalseWithInvalidData with data set #2" file="/home/anderson/Documents/Projetos/interviews_tests/jaya/ridely-php-backend-test/backend/services/ridely-service/tests/Unit/Validators/DriverValidatorTest.php" line="46" class="Tests\Unit\Validators\DriverValidatorTest" classname="Tests.Unit.Validators.DriverValidatorTest" assertions="2" time="0.092810"/>
        </testsuite>
        <testcase name="testValidateUpdateReturnsTrueWithValidData" file="/home/anderson/Documents/Projetos/interviews_tests/jaya/ridely-php-backend-test/backend/services/ridely-service/tests/Unit/Validators/DriverValidatorTest.php" line="59" class="Tests\Unit\Validators\DriverValidatorTest" classname="Tests.Unit.Validators.DriverValidatorTest" assertions="1" time="0.078305"/>
        <testsuite name="Tests\Unit\Validators\DriverValidatorTest::testValidateUpdateReturnsFalseWithInvalidData" tests="3" assertions="6" errors="0" failures="0" skipped="0" time="0.260138">
          <testcase name="testValidateUpdateReturnsFalseWithInvalidData with data set #0" file="/home/anderson/Documents/Projetos/interviews_tests/jaya/ridely-php-backend-test/backend/services/ridely-service/tests/Unit/Validators/DriverValidatorTest.php" line="85" class="Tests\Unit\Validators\DriverValidatorTest" classname="Tests.Unit.Validators.DriverValidatorTest" assertions="2" time="0.096948"/>
          <testcase name="testValidateUpdateReturnsFalseWithInvalidData with data set #1" file="/home/anderson/Documents/Projetos/interviews_tests/jaya/ridely-php-backend-test/backend/services/ridely-service/tests/Unit/Validators/DriverValidatorTest.php" line="85" class="Tests\Unit\Validators\DriverValidatorTest" classname="Tests.Unit.Validators.DriverValidatorTest" assertions="2" time="0.080547"/>
          <testcase name="testValidateUpdateReturnsFalseWithInvalidData with data set #2" file="/home/anderson/Documents/Projetos/interviews_tests/jaya/ridely-php-backend-test/backend/services/ridely-service/tests/Unit/Validators/DriverValidatorTest.php" line="85" class="Tests\Unit\Validators\DriverValidatorTest" classname="Tests.Unit.Validators.DriverValidatorTest" assertions="2" time="0.082643"/>
        </testsuite>
        <testsuite name="Tests\Unit\Validators\DriverValidatorTest::testValidateReadReturnsTrueWithValidData" tests="3" assertions="3" errors="0" failures="0" skipped="0" time="0.297701">
          <testcase name="testValidateReadReturnsTrueWithValidData with data set &quot;basic valid criteria&quot;" file="/home/anderson/Documents/Projetos/interviews_tests/jaya/ridely-php-backend-test/backend/services/ridely-service/tests/Unit/Validators/DriverValidatorTest.php" line="103" class="Tests\Unit\Validators\DriverValidatorTest" classname="Tests.Unit.Validators.DriverValidatorTest" assertions="1" time="0.119931"/>
          <testcase name="testValidateReadReturnsTrueWithValidData with data set &quot;partial criteria (only required)&quot;" file="/home/anderson/Documents/Projetos/interviews_tests/jaya/ridely-php-backend-test/backend/services/ridely-service/tests/Unit/Validators/DriverValidatorTest.php" line="103" class="Tests\Unit\Validators\DriverValidatorTest" classname="Tests.Unit.Validators.DriverValidatorTest" assertions="1" time="0.090787"/>
          <testcase name="testValidateReadReturnsTrueWithValidData with data set &quot;criteria with only sorting&quot;" file="/home/anderson/Documents/Projetos/interviews_tests/jaya/ridely-php-backend-test/backend/services/ridely-service/tests/Unit/Validators/DriverValidatorTest.php" line="103" class="Tests\Unit\Validators\DriverValidatorTest" classname="Tests.Unit.Validators.DriverValidatorTest" assertions="1" time="0.086983"/>
        </testsuite>
        <testsuite name="Tests\Unit\Validators\DriverValidatorTest::testValidateReadReturnsFalseWithInvalidData" tests="4" assertions="8" errors="0" failures="0" skipped="0" time="0.339686">
          <testcase name="testValidateReadReturnsFalseWithInvalidData with data set &quot;negative limit and page&quot;" file="/home/anderson/Documents/Projetos/interviews_tests/jaya/ridely-php-backend-test/backend/services/ridely-service/tests/Unit/Validators/DriverValidatorTest.php" line="117" class="Tests\Unit\Validators\DriverValidatorTest" classname="Tests.Unit.Validators.DriverValidatorTest" assertions="2" time="0.085598"/>
          <testcase name="testValidateReadReturnsFalseWithInvalidData with data set &quot;invalid sort_by value&quot;" file="/home/anderson/Documents/Projetos/interviews_tests/jaya/ridely-php-backend-test/backend/services/ridely-service/tests/Unit/Validators/DriverValidatorTest.php" line="117" class="Tests\Unit\Validators\DriverValidatorTest" classname="Tests.Unit.Validators.DriverValidatorTest" assertions="2" time="0.086363"/>
          <testcase name="testValidateReadReturnsFalseWithInvalidData with data set &quot;limit too high&quot;" file="/home/anderson/Documents/Projetos/interviews_tests/jaya/ridely-php-backend-test/backend/services/ridely-service/tests/Unit/Validators/DriverValidatorTest.php" line="117" class="Tests\Unit\Validators\DriverValidatorTest" classname="Tests.Unit.Validators.DriverValidatorTest" assertions="2" time="0.083699"/>
          <testcase name="testValidateReadReturnsFalseWithInvalidData with data set &quot;fields not string or array&quot;" file="/home/anderson/Documents/Projetos/interviews_tests/jaya/ridely-php-backend-test/backend/services/ridely-service/tests/Unit/Validators/DriverValidatorTest.php" line="117" class="Tests\Unit\Validators\DriverValidatorTest" classname="Tests.Unit.Validators.DriverValidatorTest" assertions="2" time="0.084025"/>
        </testsuite>
      </testsuite>
    </testsuite>
  </testsuite>
</testsuites>
